<?xml version="1.0" encoding="UTF-8"?>
<testng-results skipped="0" failed="0" ignored="0" total="3" passed="3">
  <reporter-output>
  </reporter-output>
  <suite name="All Test Suite" duration-ms="90796" started-at="2021-11-02T05:16:01Z" finished-at="2021-11-02T05:17:32Z">
    <groups>
    </groups>
    <test name="D:/appiumFramework" duration-ms="90796" started-at="2021-11-02T05:16:01Z" finished-at="2021-11-02T05:17:32Z">
      <class name="testCases.chromeBrowserTest">
        <test-method status="PASS" signature="chromeBrowsertest()[pri:0, instance:testCases.chromeBrowserTest@d8355a8]" name="chromeBrowsertest" duration-ms="38270" started-at="2021-11-02T05:16:54Z" finished-at="2021-11-02T05:17:32Z">
          <reporter-output>
          </reporter-output>
        </test-method> <!-- chromeBrowsertest -->
      </class> <!-- testCases.chromeBrowserTest -->
      <class name="testCases.uiAuotmatorTest">
        <test-method status="PASS" signature="uiAutomatorSwipeTest()[pri:0, instance:testCases.uiAuotmatorTest@46d56d67]" name="uiAutomatorSwipeTest" duration-ms="26013" started-at="2021-11-02T05:16:28Z" finished-at="2021-11-02T05:16:54Z">
          <reporter-output>
          </reporter-output>
        </test-method> <!-- uiAutomatorSwipeTest -->
      </class> <!-- testCases.uiAuotmatorTest -->
      <class name="testCases.EcommerceTestCases">
        <test-method status="PASS" signature="PageObjecttestCase()[pri:0, instance:testCases.EcommerceTestCases@14acaea5]" name="PageObjecttestCase" duration-ms="26495" started-at="2021-11-02T05:16:01Z" finished-at="2021-11-02T05:16:28Z">
          <reporter-output>
          </reporter-output>
        </test-method> <!-- PageObjecttestCase -->
      </class> <!-- testCases.EcommerceTestCases -->
    </test> <!-- D:/appiumFramework -->
  </suite> <!-- All Test Suite -->
</testng-results>
